android-maps-utils/demo/build/intermediates/manifest_merge_blame_file/debug/manifest-merger-blame-debug-report.txt
1<?xml version="1.0" encoding="utf-8"?>
2<manifest xmlns:android="http://schemas.android.com/apk/res/android"
3    package="com.google.maps.android.utils.demo"
4    android:versionCode="1"
5    android:versionName="1.0" >
6
7    <uses-sdk
8        android:minSdkVersion="15"
8-->src\main\AndroidManifest.xml
9        android:targetSdkVersion="29" />
9-->src\main\AndroidManifest.xml
10
11    <permission
11-->src\main\AndroidManifest.xml:6:5-8:47
12        android:name="com.google.maps.android.utils.permission.MAPS_RECEIVE"
12-->src\main\AndroidManifest.xml:7:9-77
13        android:protectionLevel="signature" />
13-->src\main\AndroidManifest.xml:8:9-44
14
15    <uses-permission android:name="com.google.maps.android.utils.permission.MAPS_RECEIVE" />
15-->src\main\AndroidManifest.xml:10:5-93
15-->src\main\AndroidManifest.xml:10:22-90
16    <uses-permission android:name="android.permission.INTERNET" />
16-->src\main\AndroidManifest.xml:12:5-67
16-->src\main\AndroidManifest.xml:12:22-64
17    <uses-permission android:name="android.permission.ACCESS_NETWORK_STATE" />
17-->src\main\AndroidManifest.xml:13:5-79
17-->src\main\AndroidManifest.xml:13:22-76
18    <uses-permission android:name="android.permission.WRITE_EXTERNAL_STORAGE" />
18-->src\main\AndroidManifest.xml:14:5-81
18-->src\main\AndroidManifest.xml:14:22-78
19    <uses-permission android:name="com.google.android.providers.gsf.permission.READ_GSERVICES" />
19-->src\main\AndroidManifest.xml:15:5-98
19-->src\main\AndroidManifest.xml:15:22-95
20    <uses-permission android:name="android.permission.ACCESS_COARSE_LOCATION" />
20-->src\main\AndroidManifest.xml:17:5-81
20-->src\main\AndroidManifest.xml:17:22-78
21    <uses-permission android:name="android.permission.ACCESS_FINE_LOCATION" />
21-->src\main\AndroidManifest.xml:18:5-79
21-->src\main\AndroidManifest.xml:18:22-76
22
23    <uses-feature
23-->src\main\AndroidManifest.xml:20:5-22:35
24        android:glEsVersion="0x00020000"
24-->src\main\AndroidManifest.xml:21:9-41
25        android:required="true" />
25-->src\main\AndroidManifest.xml:22:9-32
26
27    <application
27-->src\main\AndroidManifest.xml:24:5-64:19
28        android:allowBackup="false"
28-->src\main\AndroidManifest.xml:25:9-36
29        android:appComponentFactory="androidx.core.app.CoreComponentFactory"
29-->[androidx.core:core:1.1.0] AndroidManifest.xml:24:18-86
30        android:debuggable="true"
31        android:icon="@drawable/ic_launcher"
31-->src\main\AndroidManifest.xml:26:9-45
32        android:label="@string/app_name"
32-->src\main\AndroidManifest.xml:27:9-41
33        android:testOnly="true"
34        android:theme="@style/AppTheme" >
34-->src\main\AndroidManifest.xml:28:9-40
35        <meta-data
35-->src\main\AndroidManifest.xml:31:9-33:69
36            android:name="com.google.android.gms.version"
36-->src\main\AndroidManifest.xml:32:13-58
37            android:value="@integer/google_play_services_version" />
37-->src\main\AndroidManifest.xml:33:13-66
38        <meta-data
38-->src\main\AndroidManifest.xml:35:9-37:71
39            android:name="com.google.android.geo.API_KEY"
39-->src\main\AndroidManifest.xml:36:13-58
40            android:value="AIzaSyDCa5WRSMk3CrNSf3y5xbyQTvp1_zwuTtE" />
40-->src\main\AndroidManifest.xml:37:13-68
41
42        <activity
42-->src\main\AndroidManifest.xml:39:9-46:20
43            android:name="com.google.maps.android.utils.demo.MainActivity"
43-->src\main\AndroidManifest.xml:40:13-41
44            android:label="@string/app_name" >
44-->src\main\AndroidManifest.xml:41:13-45
45            <intent-filter>
45-->src\main\AndroidManifest.xml:42:13-45:29
46                <action android:name="android.intent.action.MAIN" />
46-->src\main\AndroidManifest.xml:43:17-69
46-->src\main\AndroidManifest.xml:43:25-66
47
48                <category android:name="android.intent.category.LAUNCHER" />
48-->src\main\AndroidManifest.xml:44:17-77
48-->src\main\AndroidManifest.xml:44:27-74
49            </intent-filter>
50        </activity>
51        <activity android:name="com.google.maps.android.utils.demo.PolyDecodeDemoActivity" />
51-->src\main\AndroidManifest.xml:48:9-60
51-->src\main\AndroidManifest.xml:48:19-57
52        <activity android:name="com.google.maps.android.utils.demo.PolySimplifyDemoActivity" />
52-->src\main\AndroidManifest.xml:49:9-62
52-->src\main\AndroidManifest.xml:49:19-59
53        <activity android:name="com.google.maps.android.utils.demo.IconGeneratorDemoActivity" />
53-->src\main\AndroidManifest.xml:50:9-63
53-->src\main\AndroidManifest.xml:50:19-60
54        <activity android:name="com.google.maps.android.utils.demo.DistanceDemoActivity" />
54-->src\main\AndroidManifest.xml:51:9-58
54-->src\main\AndroidManifest.xml:51:19-55
55        <activity android:name="com.google.maps.android.utils.demo.ClusteringDemoActivity" />
55-->src\main\AndroidManifest.xml:52:9-60
55-->src\main\AndroidManifest.xml:52:19-57
56        <activity android:name="com.google.maps.android.utils.demo.BigClusteringDemoActivity" />
56-->src\main\AndroidManifest.xml:53:9-63
56-->src\main\AndroidManifest.xml:53:19-60
57        <activity android:name="com.google.maps.android.utils.demo.VisibleClusteringDemoActivity" />
57-->src\main\AndroidManifest.xml:54:9-67
57-->src\main\AndroidManifest.xml:54:19-64
58        <activity android:name="com.google.maps.android.utils.demo.CustomMarkerClusteringDemoActivity" />
58-->src\main\AndroidManifest.xml:55:9-72
58-->src\main\AndroidManifest.xml:55:19-69
59        <activity android:name="com.google.maps.android.utils.demo.ClusteringViewModelDemoActivity" />
59-->src\main\AndroidManifest.xml:56:9-68
59-->src\main\AndroidManifest.xml:56:19-66
60        <activity android:name="com.google.maps.android.utils.demo.TileProviderAndProjectionDemo" />
60-->src\main\AndroidManifest.xml:57:9-67
60-->src\main\AndroidManifest.xml:57:19-64
61        <activity android:name="com.google.maps.android.utils.demo.HeatmapsDemoActivity" />
61-->src\main\AndroidManifest.xml:58:9-58
61-->src\main\AndroidManifest.xml:58:19-55
62        <activity android:name="com.google.maps.android.utils.demo.HeatmapsPlacesDemoActivity" />
62-->src\main\AndroidManifest.xml:59:9-64
62-->src\main\AndroidManifest.xml:59:19-61
63        <activity android:name="com.google.maps.android.utils.demo.GeoJsonDemoActivity" />
63-->src\main\AndroidManifest.xml:60:9-57
63-->src\main\AndroidManifest.xml:60:19-54
64        <activity android:name="com.google.maps.android.utils.demo.KmlDemoActivity" />
64-->src\main\AndroidManifest.xml:61:9-53
64-->src\main\AndroidManifest.xml:61:19-50
65        <activity android:name="com.google.maps.android.utils.demo.MultiLayerDemoActivity" />
65-->src\main\AndroidManifest.xml:62:9-60
65-->src\main\AndroidManifest.xml:62:19-57
66
67        <!-- Needs to be explicitly declared on P+ -->
68        <uses-library
68-->[com.google.android.gms:play-services-maps:17.0.0] AndroidManifest.xml:33:9-35:40
69            android:name="org.apache.http.legacy"
69-->[com.google.android.gms:play-services-maps:17.0.0] AndroidManifest.xml:34:13-50
70            android:required="false" />
70-->[com.google.android.gms:play-services-maps:17.0.0] AndroidManifest.xml:35:13-37
71
72        <activity
72-->[com.google.android.gms:play-services-base:17.0.0] AndroidManifest.xml:23:9-26:75
73            android:name="com.google.android.gms.common.api.GoogleApiActivity"
73-->[com.google.android.gms:play-services-base:17.0.0] AndroidManifest.xml:24:13-79
74            android:exported="false"
74-->[com.google.android.gms:play-services-base:17.0.0] AndroidManifest.xml:25:13-37
75            android:theme="@android:style/Theme.Translucent.NoTitleBar" />
75-->[com.google.android.gms:play-services-base:17.0.0] AndroidManifest.xml:26:13-72
76
77        <provider
77-->[androidx.lifecycle:lifecycle-process:2.1.0] AndroidManifest.xml:23:9-27:43
78            android:name="androidx.lifecycle.ProcessLifecycleOwnerInitializer"
78-->[androidx.lifecycle:lifecycle-process:2.1.0] AndroidManifest.xml:24:13-79
79            android:authorities="com.google.maps.android.utils.demo.lifecycle-process"
79-->[androidx.lifecycle:lifecycle-process:2.1.0] AndroidManifest.xml:25:13-69
80            android:exported="false"
80-->[androidx.lifecycle:lifecycle-process:2.1.0] AndroidManifest.xml:26:13-37
81            android:multiprocess="true" />
81-->[androidx.lifecycle:lifecycle-process:2.1.0] AndroidManifest.xml:27:13-40
82    </application>
83
84</manifest>